This file contains any messages produced by compilers while
running configure, to aid debugging if configure makes a mistake.

It was created by configure, which was
generated by GNU Autoconf 2.65.  Invocation command line was

  $ ./configure 

## --------- ##
## Platform. ##
## --------- ##

hostname = mbp-bz
uname -m = x86_64
uname -r = 15.5.0
uname -s = Darwin
uname -v = Darwin Kernel Version 15.5.0: Tue Apr 19 18:36:36 PDT 2016; root:xnu-3248.50.21~8/RELEASE_X86_64

/usr/bin/uname -p = i386
/bin/uname -X     = unknown

/bin/arch              = unknown
/usr/bin/arch -k       = unknown
/usr/convex/getsysinfo = unknown
/usr/bin/hostinfo      = Mach kernel version:
	 Darwin Kernel Version 15.5.0: Tue Apr 19 18:36:36 PDT 2016; root:xnu-3248.50.21~8/RELEASE_X86_64
Kernel configured for up to 4 processors.
2 processors are physically available.
4 processors are logically available.
Processor type: x86_64h (Intel x86-64h Haswell)
Processors active: 0 1 2 3
Primary memory available: 8.00 gigabytes
Default processor set: 333 tasks, 1545 threads, 4 processors
Load average: 1.37, Mach factor: 2.61
/bin/machine           = unknown
/usr/bin/oslevel       = unknown
/bin/universe          = unknown

PATH: /data/lib/bin
PATH: /opt/local/bin
PATH: /opt/local/sbin
PATH: /usr/local/bin
PATH: /usr/bin
PATH: /bin
PATH: /usr/sbin
PATH: /sbin
PATH: /opt/X11/bin
PATH: /Library/TeX/texbin


## ----------- ##
## Core tests. ##
## ----------- ##

configure:2337: checking for gcc
configure:2353: found /usr/bin/gcc
configure:2364: result: gcc
configure:2593: checking for C compiler version
configure:2602: gcc --version >&5
Apple LLVM version 7.3.0 (clang-703.0.31)
Target: x86_64-apple-darwin15.5.0
Thread model: posix
InstalledDir: /Library/Developer/CommandLineTools/usr/bin
Configured with: --prefix=/Library/Developer/CommandLineTools/usr --with-gxx-include-dir=/usr/include/c++/4.2.1
configure:2613: $? = 0
configure:2602: gcc -v >&5
Configured with: --prefix=/Library/Developer/CommandLineTools/usr --with-gxx-include-dir=/usr/include/c++/4.2.1
Apple LLVM version 7.3.0 (clang-703.0.31)
Target: x86_64-apple-darwin15.5.0
Thread model: posix
InstalledDir: /Library/Developer/CommandLineTools/usr/bin
configure:2613: $? = 0
configure:2602: gcc -V >&5
clang: error: argument to '-V' is missing (expected 1 value)
clang: error: no input files
configure:2613: $? = 1
configure:2602: gcc -qversion >&5
clang: error: unknown argument: '-qversion'
clang: error: no input files
configure:2613: $? = 1
configure:2633: checking whether the C compiler works
configure:2655: gcc    conftest.c  >&5
configure:2659: $? = 0
configure:2708: result: yes
configure:2711: checking for C compiler default output file name
configure:2713: result: a.out
configure:2719: checking for suffix of executables
configure:2726: gcc -o conftest    conftest.c  >&5
configure:2730: $? = 0
configure:2752: result: 
configure:2774: checking whether we are cross compiling
configure:2782: gcc -o conftest    conftest.c  >&5
configure:2786: $? = 0
configure:2793: ./conftest
configure:2797: $? = 0
configure:2812: result: no
configure:2817: checking for suffix of object files
configure:2839: gcc -c   conftest.c >&5
configure:2843: $? = 0
configure:2864: result: o
configure:2868: checking whether we are using the GNU C compiler
configure:2887: gcc -c   conftest.c >&5
configure:2887: $? = 0
configure:2896: result: yes
configure:2905: checking whether gcc accepts -g
configure:2925: gcc -c -g  conftest.c >&5
configure:2925: $? = 0
configure:2966: result: yes
configure:2983: checking for gcc option to accept ISO C89
configure:3047: gcc  -c -g -O2  conftest.c >&5
configure:3047: $? = 0
configure:3060: result: none needed
configure:3086: gcc -c -g -O2  conftest.c >&5
configure:3086: $? = 0
configure:3130: checking for a BSD-compatible install
configure:3198: result: /usr/bin/install -c
configure:3271: checking for gfortran
configure:3287: found /usr/local/bin/gfortran
configure:3298: result: gfortran
configure:3324: checking for Fortran compiler version
configure:3333: gfortran --version >&5
GNU Fortran (Homebrew gcc 5.3.0) 5.3.0
Copyright (C) 2015 Free Software Foundation, Inc.

GNU Fortran comes with NO WARRANTY, to the extent permitted by law.
You may redistribute copies of GNU Fortran
under the terms of the GNU General Public License.
For more information about these matters, see the file named COPYING

configure:3344: $? = 0
configure:3333: gfortran -v >&5
Using built-in specs.
COLLECT_GCC=gfortran
COLLECT_LTO_WRAPPER=/usr/local/Cellar/gcc/5.3.0/libexec/gcc/x86_64-apple-darwin15.0.0/5.3.0/lto-wrapper
Target: x86_64-apple-darwin15.0.0
Configured with: ../configure --build=x86_64-apple-darwin15.0.0 --prefix=/usr/local/Cellar/gcc/5.3.0 --libdir=/usr/local/Cellar/gcc/5.3.0/lib/gcc/5 --enable-languages=c,c++,objc,obj-c++,fortran --program-suffix=-5 --with-gmp=/usr/local/opt/gmp --with-mpfr=/usr/local/opt/mpfr --with-mpc=/usr/local/opt/libmpc --with-isl=/usr/local/opt/isl --with-system-zlib --enable-libstdcxx-time=yes --enable-stage1-checking --enable-checking=release --enable-lto --with-build-config=bootstrap-debug --disable-werror --with-pkgversion='Homebrew gcc 5.3.0' --with-bugurl=https://github.com/Homebrew/homebrew/issues --enable-plugin --disable-nls --enable-multilib
Thread model: posix
gcc version 5.3.0 (Homebrew gcc 5.3.0) 
configure:3344: $? = 0
configure:3333: gfortran -V >&5
gfortran: error: unrecognized command line option '-V'
gfortran: fatal error: no input files
compilation terminated.
configure:3344: $? = 1
configure:3333: gfortran -qversion >&5
gfortran: error: unrecognized command line option '-qversion'
gfortran: fatal error: no input files
compilation terminated.
configure:3344: $? = 1
configure:3353: checking whether we are using the GNU Fortran compiler
configure:3366: gfortran -c   conftest.F >&5
configure:3366: $? = 0
configure:3375: result: yes
configure:3381: checking whether gfortran accepts -g
configure:3392: gfortran -c -g  conftest.f >&5
configure:3392: $? = 0
configure:3400: result: yes
configure:3428: checking for Fortran flag to compile .f90 files
configure:3444: gfortran -c -g -O2  conftest.f90 >&5
configure:3444: $? = 0
configure:3453: result: none
configure:3478: checking for Fortran flag needed to allow free-form source
configure:3497: gfortran -c -g -O2  conftest.f90 >&5
configure:3497: $? = 0
configure:3506: result: none
configure:3528: checking for F2003 or pre-F2003 compatibility functions
configure:3543: gfortran -o conftest -g -O2   conftest.f90  >&5
configure:3543: $? = 0
configure:3591: result: f2003.f90
configure:3597: checking how to get verbose linking output from gfortran
configure:3607: gfortran -c -g -O2  conftest.f90 >&5
configure:3607: $? = 0
configure:3625: gfortran -o conftest -g -O2 -v conftest.f90
Using built-in specs.
Target: x86_64-apple-darwin15.0.0
Configured with: ../configure --build=x86_64-apple-darwin15.0.0 --prefix=/usr/local/Cellar/gcc/5.3.0 --libdir=/usr/local/Cellar/gcc/5.3.0/lib/gcc/5 --enable-languages=c,c++,objc,obj-c++,fortran --program-suffix=-5 --with-gmp=/usr/local/opt/gmp --with-mpfr=/usr/local/opt/mpfr --with-mpc=/usr/local/opt/libmpc --with-isl=/usr/local/opt/isl --with-system-zlib --enable-libstdcxx-time=yes --enable-stage1-checking --enable-checking=release --enable-lto --with-build-config=bootstrap-debug --disable-werror --with-pkgversion='Homebrew gcc 5.3.0' --with-bugurl=https://github.com/Homebrew/homebrew/issues --enable-plugin --disable-nls --enable-multilib
Thread model: posix
gcc version 5.3.0 (Homebrew gcc 5.3.0) 
 /usr/local/Cellar/gcc/5.3.0/libexec/gcc/x86_64-apple-darwin15.0.0/5.3.0/f951 conftest.f90 -fPIC -feliminate-unused-debug-symbols -quiet -dumpbase conftest.f90 -mmacosx-version-min=10.11.5 -mtune=core2 -auxbase conftest -g -O2 -version -fintrinsic-modules-path /usr/local/Cellar/gcc/5.3.0/lib/gcc/5/gcc/x86_64-apple-darwin15.0.0/5.3.0/finclude -o /var/folders/nk/11yffdb94815y03fczpmct1m0000gn/T//ccuw2IJO.s
GNU Fortran (Homebrew gcc 5.3.0) version 5.3.0 (x86_64-apple-darwin15.0.0)
	compiled by GNU C version 5.3.0, GMP version 6.1.0, MPFR version 3.1.3-p2, MPC version 1.0.3
warning: MPFR header version 3.1.3-p2 differs from library version 3.1.4-p1.
GGC heuristics: --param ggc-min-expand=100 --param ggc-min-heapsize=131072
GNU Fortran2008 (Homebrew gcc 5.3.0) version 5.3.0 (x86_64-apple-darwin15.0.0)
	compiled by GNU C version 5.3.0, GMP version 6.1.0, MPFR version 3.1.3-p2, MPC version 1.0.3
warning: MPFR header version 3.1.3-p2 differs from library version 3.1.4-p1.
GGC heuristics: --param ggc-min-expand=100 --param ggc-min-heapsize=131072
 as -arch x86_64 -force_cpusubtype_ALL -o /var/folders/nk/11yffdb94815y03fczpmct1m0000gn/T//ccvLgyxM.o /var/folders/nk/11yffdb94815y03fczpmct1m0000gn/T//ccuw2IJO.s
Reading specs from /usr/local/Cellar/gcc/5.3.0/lib/gcc/5/gcc/x86_64-apple-darwin15.0.0/5.3.0/../../../libgfortran.spec
rename spec lib to liborig
 /usr/local/Cellar/gcc/5.3.0/libexec/gcc/x86_64-apple-darwin15.0.0/5.3.0/collect2 -dynamic -arch x86_64 -macosx_version_min 10.11.5 -weak_reference_mismatches non-weak -o conftest -L/usr/local/Cellar/gcc/5.3.0/lib/gcc/5/gcc/x86_64-apple-darwin15.0.0/5.3.0 -L/usr/local/Cellar/gcc/5.3.0/lib/gcc/5/gcc/x86_64-apple-darwin15.0.0/5.3.0/../../.. /var/folders/nk/11yffdb94815y03fczpmct1m0000gn/T//ccvLgyxM.o -lgfortran -no_compact_unwind -lSystem -lgcc_ext.10.5 -lgcc -lquadmath -lm -lgcc_ext.10.5 -lgcc -lSystem -v -idsym -dsym
collect2 version 5.3.0
/usr/bin/ld -dynamic -arch x86_64 -macosx_version_min 10.11.5 -weak_reference_mismatches non-weak -o conftest -L/usr/local/Cellar/gcc/5.3.0/lib/gcc/5/gcc/x86_64-apple-darwin15.0.0/5.3.0 -L/usr/local/Cellar/gcc/5.3.0/lib/gcc/5/gcc/x86_64-apple-darwin15.0.0/5.3.0/../../.. /var/folders/nk/11yffdb94815y03fczpmct1m0000gn/T//ccvLgyxM.o -lgfortran -no_compact_unwind -lSystem -lgcc_ext.10.5 -lgcc -lquadmath -lm -lgcc_ext.10.5 -lgcc -lSystem -v
@(#)PROGRAM:ld  PROJECT:ld64-264.3.102
configured to support archs: armv6 armv7 armv7s arm64 i386 x86_64 x86_64h armv6m armv7k armv7m armv7em (tvOS)
Library search paths:
	/usr/local/Cellar/gcc/5.3.0/lib/gcc/5/gcc/x86_64-apple-darwin15.0.0/5.3.0
	/usr/local/Cellar/gcc/5.3.0/lib/gcc/5
	/usr/lib
	/usr/local/lib
Framework search paths:
	/Library/Frameworks/
	/System/Library/Frameworks/
 /usr/bin/nm -n /var/folders/nk/11yffdb94815y03fczpmct1m0000gn/T//ccvLgyxM.o
dsymutil conftest
configure:3690: result: -v
configure:3692: checking for Fortran libraries of gfortran
configure:3715: gfortran -o conftest -g -O2 -v conftest.f90
Using built-in specs.
Target: x86_64-apple-darwin15.0.0
Configured with: ../configure --build=x86_64-apple-darwin15.0.0 --prefix=/usr/local/Cellar/gcc/5.3.0 --libdir=/usr/local/Cellar/gcc/5.3.0/lib/gcc/5 --enable-languages=c,c++,objc,obj-c++,fortran --program-suffix=-5 --with-gmp=/usr/local/opt/gmp --with-mpfr=/usr/local/opt/mpfr --with-mpc=/usr/local/opt/libmpc --with-isl=/usr/local/opt/isl --with-system-zlib --enable-libstdcxx-time=yes --enable-stage1-checking --enable-checking=release --enable-lto --with-build-config=bootstrap-debug --disable-werror --with-pkgversion='Homebrew gcc 5.3.0' --with-bugurl=https://github.com/Homebrew/homebrew/issues --enable-plugin --disable-nls --enable-multilib
Thread model: posix
gcc version 5.3.0 (Homebrew gcc 5.3.0) 
 /usr/local/Cellar/gcc/5.3.0/libexec/gcc/x86_64-apple-darwin15.0.0/5.3.0/f951 conftest.f90 -fPIC -feliminate-unused-debug-symbols -quiet -dumpbase conftest.f90 -mmacosx-version-min=10.11.5 -mtune=core2 -auxbase conftest -g -O2 -version -fintrinsic-modules-path /usr/local/Cellar/gcc/5.3.0/lib/gcc/5/gcc/x86_64-apple-darwin15.0.0/5.3.0/finclude -o /var/folders/nk/11yffdb94815y03fczpmct1m0000gn/T//cc0BGTsy.s
GNU Fortran (Homebrew gcc 5.3.0) version 5.3.0 (x86_64-apple-darwin15.0.0)
	compiled by GNU C version 5.3.0, GMP version 6.1.0, MPFR version 3.1.3-p2, MPC version 1.0.3
warning: MPFR header version 3.1.3-p2 differs from library version 3.1.4-p1.
GGC heuristics: --param ggc-min-expand=100 --param ggc-min-heapsize=131072
GNU Fortran2008 (Homebrew gcc 5.3.0) version 5.3.0 (x86_64-apple-darwin15.0.0)
	compiled by GNU C version 5.3.0, GMP version 6.1.0, MPFR version 3.1.3-p2, MPC version 1.0.3
warning: MPFR header version 3.1.3-p2 differs from library version 3.1.4-p1.
GGC heuristics: --param ggc-min-expand=100 --param ggc-min-heapsize=131072
 as -arch x86_64 -force_cpusubtype_ALL -o /var/folders/nk/11yffdb94815y03fczpmct1m0000gn/T//cckSanCi.o /var/folders/nk/11yffdb94815y03fczpmct1m0000gn/T//cc0BGTsy.s
Reading specs from /usr/local/Cellar/gcc/5.3.0/lib/gcc/5/gcc/x86_64-apple-darwin15.0.0/5.3.0/../../../libgfortran.spec
rename spec lib to liborig
 /usr/local/Cellar/gcc/5.3.0/libexec/gcc/x86_64-apple-darwin15.0.0/5.3.0/collect2 -dynamic -arch x86_64 -macosx_version_min 10.11.5 -weak_reference_mismatches non-weak -o conftest -L/usr/local/Cellar/gcc/5.3.0/lib/gcc/5/gcc/x86_64-apple-darwin15.0.0/5.3.0 -L/usr/local/Cellar/gcc/5.3.0/lib/gcc/5/gcc/x86_64-apple-darwin15.0.0/5.3.0/../../.. /var/folders/nk/11yffdb94815y03fczpmct1m0000gn/T//cckSanCi.o -lgfortran -no_compact_unwind -lSystem -lgcc_ext.10.5 -lgcc -lquadmath -lm -lgcc_ext.10.5 -lgcc -lSystem -v -idsym -dsym
collect2 version 5.3.0
/usr/bin/ld -dynamic -arch x86_64 -macosx_version_min 10.11.5 -weak_reference_mismatches non-weak -o conftest -L/usr/local/Cellar/gcc/5.3.0/lib/gcc/5/gcc/x86_64-apple-darwin15.0.0/5.3.0 -L/usr/local/Cellar/gcc/5.3.0/lib/gcc/5/gcc/x86_64-apple-darwin15.0.0/5.3.0/../../.. /var/folders/nk/11yffdb94815y03fczpmct1m0000gn/T//cckSanCi.o -lgfortran -no_compact_unwind -lSystem -lgcc_ext.10.5 -lgcc -lquadmath -lm -lgcc_ext.10.5 -lgcc -lSystem -v
@(#)PROGRAM:ld  PROJECT:ld64-264.3.102
configured to support archs: armv6 armv7 armv7s arm64 i386 x86_64 x86_64h armv6m armv7k armv7m armv7em (tvOS)
Library search paths:
	/usr/local/Cellar/gcc/5.3.0/lib/gcc/5/gcc/x86_64-apple-darwin15.0.0/5.3.0
	/usr/local/Cellar/gcc/5.3.0/lib/gcc/5
	/usr/lib
	/usr/local/lib
Framework search paths:
	/Library/Frameworks/
	/System/Library/Frameworks/
 /usr/bin/nm -n /var/folders/nk/11yffdb94815y03fczpmct1m0000gn/T//cckSanCi.o
dsymutil conftest
configure:3889: result:  -L/usr/local/Cellar/gcc/5.3.0/lib/gcc/5/gcc/x86_64-apple-darwin15.0.0/5.3.0 -L/usr/local/Cellar/gcc/5.3.0/lib/gcc/5/gcc/x86_64-apple-darwin15.0.0/5.3.0/../../.. -lgfortran -lquadmath -lm
configure:3904: checking for dummy main to link with Fortran libraries
configure:3938: gcc -o conftest -g -O2   conftest.c   -L/usr/local/Cellar/gcc/5.3.0/lib/gcc/5/gcc/x86_64-apple-darwin15.0.0/5.3.0 -L/usr/local/Cellar/gcc/5.3.0/lib/gcc/5/gcc/x86_64-apple-darwin15.0.0/5.3.0/../../.. -lgfortran -lquadmath -lm >&5
configure:3938: $? = 0
configure:3983: result: none
configure:4112: checking for Fortran name-mangling scheme
configure:4125: gfortran -c -g -O2  conftest.f90 >&5
configure:4125: $? = 0
configure:4166: gcc -o conftest -g -O2   conftest.c cfortran_test.o   -L/usr/local/Cellar/gcc/5.3.0/lib/gcc/5/gcc/x86_64-apple-darwin15.0.0/5.3.0 -L/usr/local/Cellar/gcc/5.3.0/lib/gcc/5/gcc/x86_64-apple-darwin15.0.0/5.3.0/../../.. -lgfortran -lquadmath -lm >&5
Undefined symbols for architecture x86_64:
  "_foobar", referenced from:
      _main in conftest-18151e.o
     (maybe you meant: _foobar_)
ld: symbol(s) not found for architecture x86_64
clang: error: linker command failed with exit code 1 (use -v to see invocation)
configure:4166: $? = 1
configure: failed program was:
| /* confdefs.h */
| #define PACKAGE_NAME ""
| #define PACKAGE_TARNAME ""
| #define PACKAGE_VERSION ""
| #define PACKAGE_STRING ""
| #define PACKAGE_BUGREPORT ""
| #define PACKAGE_URL ""
| /* end confdefs.h.  */
| 
| /* Override any GCC internal prototype to avoid an error.
|    Use char because int might match the return type of a GCC
|    builtin and then its argument prototype would still apply.  */
| #ifdef __cplusplus
| extern "C"
| #endif
| char foobar ();
| #ifdef FC_DUMMY_MAIN
| #ifndef FC_DUMMY_MAIN_EQ_F77
| #  ifdef __cplusplus
|      extern "C"
| #  endif
|    int FC_DUMMY_MAIN() { return 1; }
| #endif
| #endif
| int
| main ()
| {
| return foobar ();
|   ;
|   return 0;
| }
configure:4166: gcc -o conftest -g -O2   conftest.c cfortran_test.o   -L/usr/local/Cellar/gcc/5.3.0/lib/gcc/5/gcc/x86_64-apple-darwin15.0.0/5.3.0 -L/usr/local/Cellar/gcc/5.3.0/lib/gcc/5/gcc/x86_64-apple-darwin15.0.0/5.3.0/../../.. -lgfortran -lquadmath -lm >&5
configure:4166: $? = 0
configure:4224: gcc -o conftest -g -O2   conftest.c cfortran_test.o   -L/usr/local/Cellar/gcc/5.3.0/lib/gcc/5/gcc/x86_64-apple-darwin15.0.0/5.3.0 -L/usr/local/Cellar/gcc/5.3.0/lib/gcc/5/gcc/x86_64-apple-darwin15.0.0/5.3.0/../../.. -lgfortran -lquadmath -lm >&5
configure:4224: $? = 0
configure:4266: result: lower case, underscore, no extra underscore
configure:4335: checking for OpenMP flag of Fortran compiler
configure:4358: gfortran -o conftest -g -O2 -fopenmp   conftest.f90  >&5
configure:4358: $? = 0
configure:4367: result: -fopenmp
configure:4386: checking whether make sets $(MAKE)
configure:4408: result: yes
configure:4424: checking how to run the C preprocessor
configure:4455: gcc -E  conftest.c
configure:4455: $? = 0
configure:4469: gcc -E  conftest.c
conftest.c:11:10: fatal error: 'ac_nonexistent.h' file not found
#include <ac_nonexistent.h>
         ^
1 error generated.
configure:4469: $? = 1
configure: failed program was:
| /* confdefs.h */
| #define PACKAGE_NAME ""
| #define PACKAGE_TARNAME ""
| #define PACKAGE_VERSION ""
| #define PACKAGE_STRING ""
| #define PACKAGE_BUGREPORT ""
| #define PACKAGE_URL ""
| #define FC_FUNC(name,NAME) name ## _
| #define FC_FUNC_(name,NAME) name ## _
| /* end confdefs.h.  */
| #include <ac_nonexistent.h>
configure:4494: result: gcc -E
configure:4514: gcc -E  conftest.c
configure:4514: $? = 0
configure:4528: gcc -E  conftest.c
conftest.c:11:10: fatal error: 'ac_nonexistent.h' file not found
#include <ac_nonexistent.h>
         ^
1 error generated.
configure:4528: $? = 1
configure: failed program was:
| /* confdefs.h */
| #define PACKAGE_NAME ""
| #define PACKAGE_TARNAME ""
| #define PACKAGE_VERSION ""
| #define PACKAGE_STRING ""
| #define PACKAGE_BUGREPORT ""
| #define PACKAGE_URL ""
| #define FC_FUNC(name,NAME) name ## _
| #define FC_FUNC_(name,NAME) name ## _
| /* end confdefs.h.  */
| #include <ac_nonexistent.h>
configure:4557: checking for X
configure:4665: gcc -E  conftest.c
conftest.c:11:10: fatal error: 'X11/Xlib.h' file not found
#include <X11/Xlib.h>
         ^
1 error generated.
configure:4665: $? = 1
configure: failed program was:
| /* confdefs.h */
| #define PACKAGE_NAME ""
| #define PACKAGE_TARNAME ""
| #define PACKAGE_VERSION ""
| #define PACKAGE_STRING ""
| #define PACKAGE_BUGREPORT ""
| #define PACKAGE_URL ""
| #define FC_FUNC(name,NAME) name ## _
| #define FC_FUNC_(name,NAME) name ## _
| /* end confdefs.h.  */
| #include <X11/Xlib.h>
configure:4704: gcc -o conftest -g -O2   conftest.c -lX11  >&5
conftest.c:11:10: fatal error: 'X11/Xlib.h' file not found
#include <X11/Xlib.h>
         ^
1 error generated.
configure:4704: $? = 1
configure: failed program was:
| /* confdefs.h */
| #define PACKAGE_NAME ""
| #define PACKAGE_TARNAME ""
| #define PACKAGE_VERSION ""
| #define PACKAGE_STRING ""
| #define PACKAGE_BUGREPORT ""
| #define PACKAGE_URL ""
| #define FC_FUNC(name,NAME) name ## _
| #define FC_FUNC_(name,NAME) name ## _
| /* end confdefs.h.  */
| #include <X11/Xlib.h>
| #ifdef FC_DUMMY_MAIN
| #ifndef FC_DUMMY_MAIN_EQ_F77
| #  ifdef __cplusplus
|      extern "C"
| #  endif
|    int FC_DUMMY_MAIN() { return 1; }
| #endif
| #endif
| int
| main ()
| {
| XrmInitialize ()
|   ;
|   return 0;
| }
configure:4754: result: libraries /usr/X11/lib, headers /usr/X11/include
configure:4774: checking whether -R must be followed by a space
configure:4798: gcc -o conftest -g -O2   conftest.c  -R/usr/X11/lib >&5
warning: unknown remark option '-R/usr/X11/lib' [-Wunknown-warning-option]
1 warning generated.
configure:4798: $? = 0
configure: failed program was:
| /* confdefs.h */
| #define PACKAGE_NAME ""
| #define PACKAGE_TARNAME ""
| #define PACKAGE_VERSION ""
| #define PACKAGE_STRING ""
| #define PACKAGE_BUGREPORT ""
| #define PACKAGE_URL ""
| #define FC_FUNC(name,NAME) name ## _
| #define FC_FUNC_(name,NAME) name ## _
| /* end confdefs.h.  */
| 
| #ifdef FC_DUMMY_MAIN
| #ifndef FC_DUMMY_MAIN_EQ_F77
| #  ifdef __cplusplus
|      extern "C"
| #  endif
|    int FC_DUMMY_MAIN() { return 1; }
| #endif
| #endif
| int
| main ()
| {
| 
|   ;
|   return 0;
| }
configure:4823: gcc -o conftest -g -O2   conftest.c  -R /usr/X11/lib >&5
warning: unknown remark option '-R' [-Wunknown-warning-option]
1 warning generated.
ld: can't map file, errno=22 file '/usr/X11/lib' for architecture x86_64
clang: error: linker command failed with exit code 1 (use -v to see invocation)
configure:4823: $? = 1
configure: failed program was:
| /* confdefs.h */
| #define PACKAGE_NAME ""
| #define PACKAGE_TARNAME ""
| #define PACKAGE_VERSION ""
| #define PACKAGE_STRING ""
| #define PACKAGE_BUGREPORT ""
| #define PACKAGE_URL ""
| #define FC_FUNC(name,NAME) name ## _
| #define FC_FUNC_(name,NAME) name ## _
| /* end confdefs.h.  */
| 
| #ifdef FC_DUMMY_MAIN
| #ifndef FC_DUMMY_MAIN_EQ_F77
| #  ifdef __cplusplus
|      extern "C"
| #  endif
|    int FC_DUMMY_MAIN() { return 1; }
| #endif
| #endif
| int
| main ()
| {
| 
|   ;
|   return 0;
| }
configure:4828: result: neither works
configure:4877: gcc -o conftest -g -O2   conftest.c   -L/usr/X11/lib -lX11 >&5
configure:4877: $? = 0
configure:4991: checking for gethostbyname
configure:4991: gcc -o conftest -g -O2   conftest.c  >&5
configure:4991: $? = 0
configure:4991: result: yes
configure:5104: checking for connect
configure:5104: gcc -o conftest -g -O2   conftest.c  >&5
configure:5104: $? = 0
configure:5104: result: yes
configure:5161: checking for remove
configure:5161: gcc -o conftest -g -O2   conftest.c  >&5
configure:5161: $? = 0
configure:5161: result: yes
configure:5218: checking for shmat
configure:5218: gcc -o conftest -g -O2   conftest.c  >&5
configure:5218: $? = 0
configure:5218: result: yes
configure:5284: checking for IceConnectionNumber in -lICE
configure:5317: gcc -o conftest -g -O2   -L/usr/X11/lib conftest.c -lICE   >&5
configure:5317: $? = 0
configure:5326: result: yes
configure:5340: checking for XmCreateMainWindow in -lXm
configure:5373: gcc -o conftest -g -O2   conftest.c -lXm  -lSM -lICE  -L/usr/X11/lib -lXt -lX11   >&5
ld: library not found for -lXm
clang: error: linker command failed with exit code 1 (use -v to see invocation)
configure:5373: $? = 1
configure: failed program was:
| /* confdefs.h */
| #define PACKAGE_NAME ""
| #define PACKAGE_TARNAME ""
| #define PACKAGE_VERSION ""
| #define PACKAGE_STRING ""
| #define PACKAGE_BUGREPORT ""
| #define PACKAGE_URL ""
| #define FC_FUNC(name,NAME) name ## _
| #define FC_FUNC_(name,NAME) name ## _
| /* end confdefs.h.  */
| 
| /* Override any GCC internal prototype to avoid an error.
|    Use char because int might match the return type of a GCC
|    builtin and then its argument prototype would still apply.  */
| #ifdef __cplusplus
| extern "C"
| #endif
| char XmCreateMainWindow ();
| #ifdef FC_DUMMY_MAIN
| #ifndef FC_DUMMY_MAIN_EQ_F77
| #  ifdef __cplusplus
|      extern "C"
| #  endif
|    int FC_DUMMY_MAIN() { return 1; }
| #endif
| #endif
| int
| main ()
| {
| return XmCreateMainWindow ();
|   ;
|   return 0;
| }
configure:5382: result: no
configure:5391: checking for grep that handles long lines and -e
configure:5449: result: /usr/bin/grep
configure:5454: checking for egrep
configure:5516: result: /usr/bin/grep -E
configure:5521: checking for ANSI C header files
configure:5549: gcc -c -g -O2  conftest.c >&5
configure:5549: $? = 0
configure:5622: gcc -o conftest -g -O2   conftest.c  >&5
configure:5622: $? = 0
configure:5622: ./conftest
configure:5622: $? = 0
configure:5633: result: yes
configure:5724: checking for g++
configure:5740: found /usr/bin/g++
configure:5751: result: g++
configure:5778: checking for C++ compiler version
configure:5787: g++ --version >&5
Apple LLVM version 7.3.0 (clang-703.0.31)
Target: x86_64-apple-darwin15.5.0
Thread model: posix
InstalledDir: /Library/Developer/CommandLineTools/usr/bin
Configured with: --prefix=/Library/Developer/CommandLineTools/usr --with-gxx-include-dir=/usr/include/c++/4.2.1
configure:5798: $? = 0
configure:5787: g++ -v >&5
Configured with: --prefix=/Library/Developer/CommandLineTools/usr --with-gxx-include-dir=/usr/include/c++/4.2.1
Apple LLVM version 7.3.0 (clang-703.0.31)
Target: x86_64-apple-darwin15.5.0
Thread model: posix
InstalledDir: /Library/Developer/CommandLineTools/usr/bin
configure:5798: $? = 0
configure:5787: g++ -V >&5
clang: error: argument to '-V' is missing (expected 1 value)
clang: error: no input files
configure:5798: $? = 1
configure:5787: g++ -qversion >&5
clang: error: unknown argument: '-qversion'
clang: error: no input files
configure:5798: $? = 1
configure:5802: checking whether we are using the GNU C++ compiler
configure:5829: g++ -c   conftest.cpp >&5
configure:5829: $? = 0
configure:5838: result: yes
configure:5847: checking whether g++ accepts -g
configure:5875: g++ -c -g  conftest.cpp >&5
configure:5875: $? = 0
configure:5932: result: yes
configure:5981: g++ -c -g -O2  conftest.cpp >&5
configure:5981: $? = 0
configure:5990: checking for coin-config
configure:6018: result: false
configure:6045: g++ -o conftest -g -O2     conftest.cpp   -lCoin >&5
conftest.cpp:12:10: fatal error: 'Inventor/SoDB.h' file not found
#include <Inventor/SoDB.h>
         ^
1 error generated.
configure:6045: $? = 1
configure: failed program was:
| /* confdefs.h */
| #define PACKAGE_NAME ""
| #define PACKAGE_TARNAME ""
| #define PACKAGE_VERSION ""
| #define PACKAGE_STRING ""
| #define PACKAGE_BUGREPORT ""
| #define PACKAGE_URL ""
| #define FC_FUNC(name,NAME) name ## _
| #define FC_FUNC_(name,NAME) name ## _
| #define STDC_HEADERS 1
| /* end confdefs.h.  */
| #include <Inventor/SoDB.h>
|                 int main(void){SoDB::init();}
configure:6061: g++ -m32 -o conftest -g -O2     conftest.cpp   -lCoin >&5
conftest.cpp:12:10: fatal error: 'Inventor/SoDB.h' file not found
#include <Inventor/SoDB.h>
         ^
1 error generated.
configure:6061: $? = 1
configure: failed program was:
| /* confdefs.h */
| #define PACKAGE_NAME ""
| #define PACKAGE_TARNAME ""
| #define PACKAGE_VERSION ""
| #define PACKAGE_STRING ""
| #define PACKAGE_BUGREPORT ""
| #define PACKAGE_URL ""
| #define FC_FUNC(name,NAME) name ## _
| #define FC_FUNC_(name,NAME) name ## _
| #define STDC_HEADERS 1
| /* end confdefs.h.  */
| #include <Inventor/SoDB.h>
|                         int main(void){SoDB::init();}
configure:6078: checking for abort in -lInventor
configure:6111: g++ -o conftest -g -O2   conftest.cpp -lInventor   >&5
ld: library not found for -lInventor
clang: error: linker command failed with exit code 1 (use -v to see invocation)
configure:6111: $? = 1
configure: failed program was:
| /* confdefs.h */
| #define PACKAGE_NAME ""
| #define PACKAGE_TARNAME ""
| #define PACKAGE_VERSION ""
| #define PACKAGE_STRING ""
| #define PACKAGE_BUGREPORT ""
| #define PACKAGE_URL ""
| #define FC_FUNC(name,NAME) name ## _
| #define FC_FUNC_(name,NAME) name ## _
| #define STDC_HEADERS 1
| /* end confdefs.h.  */
| 
| /* Override any GCC internal prototype to avoid an error.
|    Use char because int might match the return type of a GCC
|    builtin and then its argument prototype would still apply.  */
| #ifdef __cplusplus
| extern "C"
| #endif
| char abort ();
| #ifdef FC_DUMMY_MAIN
| #ifndef FC_DUMMY_MAIN_EQ_F77
| #  ifdef __cplusplus
|      extern "C"
| #  endif
|    int FC_DUMMY_MAIN() { return 1; }
| #endif
| #endif
| int
| main ()
| {
| return abort ();
|   ;
|   return 0;
| }
configure:6120: result: no
configure:6599: creating ./config.status

## ---------------------- ##
## Running config.status. ##
## ---------------------- ##

This file was extended by config.status, which was
generated by GNU Autoconf 2.65.  Invocation command line was

  CONFIG_FILES    = 
  CONFIG_HEADERS  = 
  CONFIG_LINKS    = 
  CONFIG_COMMANDS = 
  $ ./config.status 

on mbp-bz

config.status:842: creating Makefile
config.status:842: creating src/Makefile
config.status:842: creating util/Makefile
config.status:842: creating gui/Makefile
config.status:842: creating tek2ps/Makefile
config.status:842: creating plaut/Makefile
config.status:842: creating plaut04/Makefile
config.status:842: creating plaut04/src/Makefile
config.status:842: creating cmds/cmds.make
config.status:842: creating cmds/Makefile
config.status:842: creating gui/auto.makefile
config.status:842: creating cmds/compat.sh
config.status:842: creating include/config.h
config.status:1008: include/config.h is unchanged

## ---------------- ##
## Cache variables. ##
## ---------------- ##

ac_cv_c_compiler_gnu=yes
ac_cv_cxx_compiler_gnu=yes
ac_cv_env_CCC_set=
ac_cv_env_CCC_value=
ac_cv_env_CC_set=
ac_cv_env_CC_value=
ac_cv_env_CFLAGS_set=
ac_cv_env_CFLAGS_value=
ac_cv_env_CPPFLAGS_set=
ac_cv_env_CPPFLAGS_value=
ac_cv_env_CPP_set=
ac_cv_env_CPP_value=
ac_cv_env_CXXFLAGS_set=
ac_cv_env_CXXFLAGS_value=
ac_cv_env_CXX_set=
ac_cv_env_CXX_value=
ac_cv_env_FCFLAGS_set=
ac_cv_env_FCFLAGS_value=
ac_cv_env_FC_set=
ac_cv_env_FC_value=
ac_cv_env_LDFLAGS_set=
ac_cv_env_LDFLAGS_value=
ac_cv_env_LIBS_set=
ac_cv_env_LIBS_value=
ac_cv_env_MPIFC_set=
ac_cv_env_MPIFC_value=
ac_cv_env_XMKMF_set=
ac_cv_env_XMKMF_value=
ac_cv_env_build_alias_set=
ac_cv_env_build_alias_value=
ac_cv_env_host_alias_set=
ac_cv_env_host_alias_value=
ac_cv_env_target_alias_set=
ac_cv_env_target_alias_value=
ac_cv_fc_compiler_gnu=yes
ac_cv_fc_dummy_main=none
ac_cv_fc_freeform=none
ac_cv_fc_libs=' -L/usr/local/Cellar/gcc/5.3.0/lib/gcc/5/gcc/x86_64-apple-darwin15.0.0/5.3.0 -L/usr/local/Cellar/gcc/5.3.0/lib/gcc/5/gcc/x86_64-apple-darwin15.0.0/5.3.0/../../.. -lgfortran -lquadmath -lm'
ac_cv_fc_mangling='lower case, underscore, no extra underscore'
ac_cv_fc_srcext_f90=none
ac_cv_fortran_dummy_main=none
ac_cv_func_connect=yes
ac_cv_func_gethostbyname=yes
ac_cv_func_remove=yes
ac_cv_func_shmat=yes
ac_cv_have_x='have_x=yes	ac_x_includes='\''/usr/X11/include'\''	ac_x_libraries='\''/usr/X11/lib'\'''
ac_cv_header_stdc=yes
ac_cv_lib_ICE_IceConnectionNumber=yes
ac_cv_lib_Inventor_abort=no
ac_cv_lib_Xm_XmCreateMainWindow=no
ac_cv_objext=o
ac_cv_path_EGREP='/usr/bin/grep -E'
ac_cv_path_GREP=/usr/bin/grep
ac_cv_path_install='/usr/bin/install -c'
ac_cv_prog_CPP='gcc -E'
ac_cv_prog_HAVE_COIN_CONFIG=false
ac_cv_prog_ac_ct_CC=gcc
ac_cv_prog_ac_ct_CXX=g++
ac_cv_prog_ac_ct_FC=gfortran
ac_cv_prog_cc_c89=
ac_cv_prog_cc_g=yes
ac_cv_prog_cxx_g=yes
ac_cv_prog_fc_g=yes
ac_cv_prog_fc_v=-v
ac_cv_prog_make_make_set=yes
ax_cv_fc_openmp=-fopenmp

## ----------------- ##
## Output variables. ##
## ----------------- ##

CC='gcc'
CFLAGS=' -g -O2'
COMPAT='f2003'
CPP='gcc -E'
CPPFLAGS=''
CXX='g++'
CXXFLAGS='-g -O2'
DEFS='-DHAVE_CONFIG_H'
DEPS_INCLUDES=''
DEPS_LIBS=''
ECHO_C='\c'
ECHO_N=''
ECHO_T=''
EGREP='/usr/bin/grep -E'
EXEEXT=''
FC='gfortran'
FCFLAGS='-g -O2'
FCFLAGS_f90=''
FCLIBS=' -L/usr/local/Cellar/gcc/5.3.0/lib/gcc/5/gcc/x86_64-apple-darwin15.0.0/5.3.0 -L/usr/local/Cellar/gcc/5.3.0/lib/gcc/5/gcc/x86_64-apple-darwin15.0.0/5.3.0/../../.. -lgfortran -lquadmath -lm'
FFLAGS=' -fopenmp'
GREP='/usr/bin/grep'
GUI=''
HAVE_COIN_CONFIG='false'
HAVE_SOQT_CONFIG=''
HAVE_SOXT_CONFIG=''
INSTALL_DATA='${INSTALL} -m 644'
INSTALL_PROGRAM='${INSTALL}'
INSTALL_SCRIPT='${INSTALL}'
LDFLAGS=''
LIBOBJS=''
LIBS=''
LTLIBOBJS=''
MOC=''
MPIFC=''
MPIFILE='nompi.f90'
OBJEXT='o'
OPT_FLAG='-O'
PACKAGE_BUGREPORT=''
PACKAGE_NAME=''
PACKAGE_STRING=''
PACKAGE_TARNAME=''
PACKAGE_URL=''
PACKAGE_VERSION=''
PATH_SEPARATOR=':'
PLAUT04=''
PLAUT='plaut'
SET_MAKE=''
SHELL='/bin/sh'
SOXT_OBJS=''
SOXT_OBJS_R3B=''
TEK2PS='tek2ps'
XMKMF=''
X_CFLAGS=' -I/usr/X11/include'
X_EXTRA_LIBS=''
X_LIBS=' -L/usr/X11/lib'
X_PRE_LIBS=' -lSM -lICE'
ac_ct_CC='gcc'
ac_ct_CXX='g++'
ac_ct_FC='gfortran'
bindir='${exec_prefix}/bin'
build_alias=''
datadir='${datarootdir}'
datarootdir='${prefix}/share'
docdir='${datarootdir}/doc/${PACKAGE}'
dvidir='${docdir}'
exec_prefix='${prefix}'
host_alias=''
htmldir='${docdir}'
includedir='${prefix}/include'
infodir='${datarootdir}/info'
libdir='${exec_prefix}/lib'
libexecdir='${exec_prefix}/libexec'
localedir='${datarootdir}/locale'
localstatedir='${prefix}/var'
mandir='${datarootdir}/man'
oldincludedir='/usr/include'
pdfdir='${docdir}'
prefix='/usr/local'
program_transform_name='s,x,x,'
psdir='${docdir}'
sbindir='${exec_prefix}/sbin'
sharedstatedir='${prefix}/com'
sysconfdir='${prefix}/etc'
target_alias=''

## ----------- ##
## confdefs.h. ##
## ----------- ##

/* confdefs.h */
#define PACKAGE_NAME ""
#define PACKAGE_TARNAME ""
#define PACKAGE_VERSION ""
#define PACKAGE_STRING ""
#define PACKAGE_BUGREPORT ""
#define PACKAGE_URL ""
#define FC_FUNC(name,NAME) name ## _
#define FC_FUNC_(name,NAME) name ## _
#define STDC_HEADERS 1

configure: exit 0
